<?xml version="1.0" encoding="UTF-8"?>
<!-- Generated by org.testng.reporters.JUnitReportReporter -->
<testsuite skipped="0" hostname="DESKTOP-E4SG70C" name="com.auomationtesting.testCases.MyAccount_Order_ViewingOrder_037" tests="1" failures="0" timestamp="02 Jun 2020 15:20:45 GMT" time="47.215" errors="0">
  <testcase name="VerifyingUserCanViewTheOrderByClickingOrderLink" time="47.215" classname="com.auomationtesting.testCases.MyAccount_Order_ViewingOrder_037"/>
</testsuite> <!-- com.auomationtesting.testCases.MyAccount_Order_ViewingOrder_037 -->
