<?xml version="1.0" encoding="UTF-8"?>
<!-- Generated by org.testng.reporters.JUnitReportReporter -->
<testsuite skipped="0" hostname="DESKTOP-E4SG70C" name="com.auomationtesting.testCases.Shop_SortByPopularityFunctionality_027" tests="1" failures="0" timestamp="23 May 2020 19:37:29 GMT" time="21.250" errors="0">
  <testcase name="verifyingPopularProductsAfterSortByPopularity" time="21.250" classname="com.auomationtesting.testCases.Shop_SortByPopularityFunctionality_027"/>
</testsuite> <!-- com.auomationtesting.testCases.Shop_SortByPopularityFunctionality_027 -->
