<?xml version="1.0" encoding="UTF-8"?>
<!-- Generated by org.testng.reporters.JUnitReportReporter -->
<testsuite skipped="0" hostname="DESKTOP-E4SG70C" name="com.auomationtesting.testCases.Shop_SortByNewnessRatingFunctionality_029" tests="1" failures="0" timestamp="23 May 2020 19:51:59 GMT" time="26.993" errors="0">
  <testcase name="verifyingPopularProductAfterSortByNewnessRating" time="26.993" classname="com.auomationtesting.testCases.Shop_SortByNewnessRatingFunctionality_029"/>
</testsuite> <!-- com.auomationtesting.testCases.Shop_SortByNewnessRatingFunctionality_029 -->
