<?xml version="1.0" encoding="UTF-8"?>
<!-- Generated by org.testng.reporters.JUnitReportReporter -->
<testsuite skipped="0" hostname="DESKTOP-E4SG70C" name="com.auomationtesting.testCases.PasswordFieldShouldDisplayInAsterisks_022" tests="1" failures="0" timestamp="09 May 2020 21:29:26 GMT" time="16.923" errors="0">
  <testcase name="verifyingPasswordFieldDisplayingInAsterrisks" time="16.923" classname="com.auomationtesting.testCases.PasswordFieldShouldDisplayInAsterisks_022"/>
</testsuite> <!-- com.auomationtesting.testCases.PasswordFieldShouldDisplayInAsterisks_022 -->
