<?xml version="1.0" encoding="UTF-8"?>
<!-- Generated by org.testng.reporters.JUnitReportReporter -->
<testsuite skipped="0" hostname="DESKTOP-E4SG70C" name="com.auomationtesting.testCases.Shop_SortByAverageRatingFunctionality_028" tests="1" failures="0" timestamp="23 May 2020 19:44:44 GMT" time="26.159" errors="0">
  <testcase name="verifyingPopularProductAfterSortByAverageRating" time="26.159" classname="com.auomationtesting.testCases.Shop_SortByAverageRatingFunctionality_028"/>
</testsuite> <!-- com.auomationtesting.testCases.Shop_SortByAverageRatingFunctionality_028 -->
