<?xml version="1.0" encoding="UTF-8"?>
<!-- Generated by org.testng.reporters.JUnitReportReporter -->
<testsuite skipped="0" hostname="DESKTOP-E4SG70C" name="com.auomationtesting.testCases.HomePageWithThreeSlidersOnly_001" tests="1" failures="0" timestamp="12 Aug 2020 21:41:43 GMT" time="40.389" errors="0">
  <testcase name="verifyingSliderTest" time="40.389" classname="com.auomationtesting.testCases.HomePageWithThreeSlidersOnly_001"/>
</testsuite> <!-- com.auomationtesting.testCases.HomePageWithThreeSlidersOnly_001 -->
