<?xml version="1.0" encoding="UTF-8"?>
<!-- Generated by org.testng.reporters.JUnitReportReporter -->
<testsuite skipped="0" hostname="DESKTOP-E4SG70C" name="com.auomationtesting.testCases.Shop_ReadMoreFunctionality_032" tests="1" failures="0" timestamp="23 May 2020 02:57:12 GMT" time="29.688" errors="0">
  <testcase name="verifyingProductOutOfStock" time="29.688" classname="com.auomationtesting.testCases.Shop_ReadMoreFunctionality_032"/>
</testsuite> <!-- com.auomationtesting.testCases.Shop_ReadMoreFunctionality_032 -->
