<?xml version="1.0" encoding="UTF-8"?>
<!-- Generated by org.testng.reporters.JUnitReportReporter -->
<testsuite skipped="0" hostname="DESKTOP-E4SG70C" name="com.auomationtesting.testCases.MyAccount_Addressfunctionality_ViewingBillingAndShippingAddress_040" tests="1" failures="0" timestamp="06 Jun 2020 04:43:39 GMT" time="28.381" errors="0">
  <testcase name="verifyingViewingBillingAddressAndShippingAddress" time="28.381" classname="com.auomationtesting.testCases.MyAccount_Addressfunctionality_ViewingBillingAndShippingAddress_040"/>
</testsuite> <!-- com.auomationtesting.testCases.MyAccount_Addressfunctionality_ViewingBillingAndShippingAddress_040 -->
