<?xml version="1.0" encoding="UTF-8"?>
<!-- Generated by org.testng.reporters.JUnitReportReporter -->
<testsuite skipped="0" hostname="DESKTOP-E4SG70C" name="com.auomationtesting.testCases.Shop_AddToBasket_ViewBasketFunctionality_034" tests="1" failures="0" timestamp="22 May 2020 04:48:41 GMT" time="54.681" errors="0">
  <testcase name="verifyingViewBasketFunctionality" time="54.681" classname="com.auomationtesting.testCases.Shop_AddToBasket_ViewBasketFunctionality_034"/>
</testsuite> <!-- com.auomationtesting.testCases.Shop_AddToBasket_ViewBasketFunctionality_034 -->
