<?xml version="1.0" encoding="UTF-8"?>
<!-- Generated by org.testng.reporters.JUnitReportReporter -->
<testsuite skipped="0" hostname="DESKTOP-E4SG70C" name="com.auomationtesting.testCases.FillingUpBillingDetailsInPaymentPage_016" tests="3" failures="0" timestamp="17 May 2020 02:13:39 GMT" time="74.410" errors="0">
  <testcase name="verifyingFeasibilityOfApplyingCouponInPaymentPage" time="3.657" classname="com.auomationtesting.testCases.FillingUpBillingDetailsInPaymentPage_016"/>
  <testcase name="verifyingFillingUpOfBillingDetailsTest" time="28.236" classname="com.auomationtesting.testCases.FillingUpBillingDetailsInPaymentPage_016"/>
  <testcase name="verifyingAllBillingAndPaymentDetailsAreDisplayed" time="42.517" classname="com.auomationtesting.testCases.FillingUpBillingDetailsInPaymentPage_016"/>
</testsuite> <!-- com.auomationtesting.testCases.FillingUpBillingDetailsInPaymentPage_016 -->
