<?xml version="1.0" encoding="UTF-8"?>
<!-- Generated by org.testng.reporters.JUnitReportReporter -->
<testsuite skipped="0" hostname="DESKTOP-E4SG70C" name="com.auomationtesting.testCases.LoginWithValidUserNameAndEmptyPassword_019" tests="1" failures="0" timestamp="18 May 2020 22:37:11 GMT" time="24.268" errors="0">
  <testcase name="verifyingProperErrorMsgAfterEnteringValidUserNameAndEmptyPassword" time="24.268" classname="com.auomationtesting.testCases.LoginWithValidUserNameAndEmptyPassword_019"/>
</testsuite> <!-- com.auomationtesting.testCases.LoginWithValidUserNameAndEmptyPassword_019 -->
