<?xml version="1.0" encoding="UTF-8"?>
<!-- Generated by org.testng.reporters.JUnitReportReporter -->
<testsuite skipped="0" hostname="DESKTOP-E4SG70C" name="com.auomationtesting.testCases.LoginWithInvalidUserNameAndPassword_018" tests="1" failures="0" timestamp="18 May 2020 22:37:11 GMT" time="35.810" errors="0">
  <testcase name="verifyingProperErrorMsgAfterEnteringInvalidEmailidAndPassword" time="35.810" classname="com.auomationtesting.testCases.LoginWithInvalidUserNameAndPassword_018"/>
</testsuite> <!-- com.auomationtesting.testCases.LoginWithInvalidUserNameAndPassword_018 -->
