<?xml version="1.0" encoding="UTF-8"?>
<!-- Generated by org.testng.reporters.JUnitReportReporter -->
<testsuite skipped="0" hostname="DESKTOP-E4SG70C" name="com.auomationtesting.testCases.Shop_SortByLowToHighItemFunctionality_030" tests="1" failures="0" timestamp="24 Jun 2020 22:59:01 GMT" time="43.527" errors="0">
  <testcase name="verifyingPopularProductAfterSortByLowToHigh" time="43.527" classname="com.auomationtesting.testCases.Shop_SortByLowToHighItemFunctionality_030"/>
</testsuite> <!-- com.auomationtesting.testCases.Shop_SortByLowToHighItemFunctionality_030 -->
