<?xml version="1.0" encoding="UTF-8"?>
<!-- Generated by org.testng.reporters.JUnitReportReporter -->
<testsuite skipped="0" hostname="DESKTOP-E4SG70C" name="com.auomationtesting.testCases.RemovingBookFromTheGrid_011" tests="1" failures="0" timestamp="17 May 2020 01:17:53 GMT" time="41.599" errors="0">
  <testcase name="verifyingRemovedConfirmMsgTest" time="41.599" classname="com.auomationtesting.testCases.RemovingBookFromTheGrid_011"/>
</testsuite> <!-- com.auomationtesting.testCases.RemovingBookFromTheGrid_011 -->
