<?xml version="1.0" encoding="UTF-8"?>
<!-- Generated by org.testng.reporters.JUnitReportReporter -->
<testsuite skipped="0" hostname="DESKTOP-E4SG70C" name="com.auomationtesting.testCases.Shop_FilterByPriceFunctionality_025" tests="2" failures="0" timestamp="23 May 2020 20:29:57 GMT" time="76.631" errors="0">
  <testcase name="verifyingFilterBooksWithTitle" time="59.399" classname="com.auomationtesting.testCases.Shop_FilterByPriceFunctionality_025"/>
  <testcase name="verifyingFilterBooksByPriceFunctionality" time="17.232" classname="com.auomationtesting.testCases.Shop_FilterByPriceFunctionality_025"/>
</testsuite> <!-- com.auomationtesting.testCases.Shop_FilterByPriceFunctionality_025 -->
