<?xml version="1.0" encoding="UTF-8"?>
<!-- Generated by org.testng.reporters.JUnitReportReporter -->
<testsuite skipped="0" hostname="DESKTOP-E4SG70C" name="com.auomationtesting.testCases.DenyingCouponCodeBelowValue_010" tests="1" failures="0" timestamp="17 May 2020 01:17:53 GMT" time="38.571" errors="0">
  <testcase name="verifyingCouponCodeDeningMsg" time="38.571" classname="com.auomationtesting.testCases.DenyingCouponCodeBelowValue_010"/>
</testsuite> <!-- com.auomationtesting.testCases.DenyingCouponCodeBelowValue_010 -->
