<?xml version="1.0" encoding="UTF-8"?>
<!-- Generated by org.testng.reporters.JUnitReportReporter -->
<testsuite skipped="0" hostname="DESKTOP-E4SG70C" name="com.auomationtesting.testCases.MyAccount_LogoutFunctionality_043" tests="1" failures="0" timestamp="08 Jun 2020 23:20:55 GMT" time="22.683" errors="0">
  <testcase name="verifyinglogoutFuctionality" time="22.683" classname="com.auomationtesting.testCases.MyAccount_LogoutFunctionality_043"/>
</testsuite> <!-- com.auomationtesting.testCases.MyAccount_LogoutFunctionality_043 -->
