<?xml version="1.0" encoding="UTF-8"?>
<!-- Generated by org.testng.reporters.JUnitReportReporter -->
<testsuite skipped="0" hostname="DESKTOP-E4SG70C" name="com.auomationtesting.testCases.LoginWithValidUserNameAndValidPassword_017" tests="1" failures="0" timestamp="17 May 2020 01:17:53 GMT" time="20.519" errors="0">
  <testcase name="verifyingValidUserNameAndPassword" time="20.519" classname="com.auomationtesting.testCases.LoginWithValidUserNameAndValidPassword_017"/>
</testsuite> <!-- com.auomationtesting.testCases.LoginWithValidUserNameAndValidPassword_017 -->
