<?xml version="1.0" encoding="UTF-8"?>
<!-- Generated by org.testng.reporters.JUnitReportReporter -->
<testsuite skipped="0" hostname="DESKTOP-E4SG70C" name="com.auomationtesting.testCases.HomePageWithThreeArrivalsOnly_002" tests="1" failures="0" timestamp="27 Jun 2020 15:18:42 GMT" time="33.854" errors="0">
  <testcase name="verifyingArrivalsTest" time="33.854" classname="com.auomationtesting.testCases.HomePageWithThreeArrivalsOnly_002"/>
</testsuite> <!-- com.auomationtesting.testCases.HomePageWithThreeArrivalsOnly_002 -->
