<?xml version="1.0" encoding="UTF-8"?>
<!-- Generated by org.testng.reporters.JUnitReportReporter -->
<testsuite skipped="0" hostname="DESKTOP-E4SG70C" name="com.auomationtesting.testCases.MyAccount_AccountDetails_042" tests="1" failures="0" timestamp="06 Jun 2020 16:06:02 GMT" time="40.465" errors="0">
  <testcase name="verifyingViewingAccountDetailsAndUserCanChangeHisPwd" time="40.465" classname="com.auomationtesting.testCases.MyAccount_AccountDetails_042"/>
</testsuite> <!-- com.auomationtesting.testCases.MyAccount_AccountDetails_042 -->
