<?xml version="1.0" encoding="UTF-8"?>
<!-- Generated by org.testng.reporters.JUnitReportReporter -->
<testsuite skipped="0" hostname="DESKTOP-E4SG70C" name="com.auomationtesting.testCases.ArrivalsImageBookAddToBasket_006" tests="2" failures="0" timestamp="17 May 2020 01:17:53 GMT" time="41.087" errors="0">
  <testcase name="verifyingAddedBookInViewBasketTest" time="8.148" classname="com.auomationtesting.testCases.ArrivalsImageBookAddToBasket_006"/>
  <testcase name="verifyingConfirmAddedMsgTest" time="32.939" classname="com.auomationtesting.testCases.ArrivalsImageBookAddToBasket_006"/>
</testsuite> <!-- com.auomationtesting.testCases.ArrivalsImageBookAddToBasket_006 -->
