<?xml version="1.0" encoding="UTF-8"?>
<!-- Generated by org.testng.reporters.JUnitReportReporter -->
<testsuite skipped="0" hostname="DESKTOP-E4SG70C" name="com.auomationtesting.testCases.ImageInArrivalsShouldNavigate_003" tests="2" failures="0" timestamp="27 Jun 2020 15:18:42 GMT" time="71.161" errors="0">
  <testcase name="verifyingArrivalsImgIsNavigatingToNextPage" time="48.728" classname="com.auomationtesting.testCases.ImageInArrivalsShouldNavigate_003"/>
  <testcase name="verifyingArrivalsImgIsClickable" time="22.433" classname="com.auomationtesting.testCases.ImageInArrivalsShouldNavigate_003"/>
</testsuite> <!-- com.auomationtesting.testCases.ImageInArrivalsShouldNavigate_003 -->
