<?xml version="1.0" encoding="UTF-8"?>
<!-- Generated by org.testng.reporters.JUnitReportReporter -->
<testsuite skipped="0" hostname="DESKTOP-E4SG70C" name="com.auomationtesting.testCases.Shop_ViewBasketTaxFunctionality_035" tests="2" failures="0" timestamp="28 May 2020 05:43:01 GMT" time="61.234" errors="0">
  <testcase name="verifyingRoamingTaxRateInAbroad" time="13.607" classname="com.auomationtesting.testCases.Shop_ViewBasketTaxFunctionality_035"/>
  <testcase name="verifyingRoamingTaxRateInIndia" time="47.627" classname="com.auomationtesting.testCases.Shop_ViewBasketTaxFunctionality_035"/>
</testsuite> <!-- com.auomationtesting.testCases.Shop_ViewBasketTaxFunctionality_035 -->
