<?xml version="1.0" encoding="UTF-8"?>
<!-- Generated by org.testng.reporters.JUnitReportReporter -->
<testsuite skipped="0" hostname="DESKTOP-E4SG70C" name="com.auomationtesting.testCases.ArrivalsImagesReviews_005" tests="1" failures="0" timestamp="17 May 2020 01:17:53 GMT" time="33.704" errors="0">
  <testcase name="verifyingReviewMsgTest" time="33.704" classname="com.auomationtesting.testCases.ArrivalsImagesReviews_005"/>
</testsuite> <!-- com.auomationtesting.testCases.ArrivalsImagesReviews_005 -->
