<?xml version="1.0" encoding="UTF-8"?>
<!-- Generated by org.testng.reporters.JUnitReportReporter -->
<testsuite skipped="0" hostname="DESKTOP-E4SG70C" name="com.auomationtesting.testCases.MyAccount_AddressFunctionality_EditShippingAddress_041" tests="1" failures="0" timestamp="06 Jun 2020 14:07:03 GMT" time="49.455" errors="0">
  <testcase name="verifyingShippingEditFunctionality" time="49.455" classname="com.auomationtesting.testCases.MyAccount_AddressFunctionality_EditShippingAddress_041"/>
</testsuite> <!-- com.auomationtesting.testCases.MyAccount_AddressFunctionality_EditShippingAddress_041 -->
