<?xml version="1.0" encoding="UTF-8"?>
<!-- Generated by org.testng.reporters.JUnitReportReporter -->
<testsuite skipped="0" hostname="DESKTOP-E4SG70C" name="com.auomationtesting.testCases.Shop_ProductCatagoriesFunctionality_026" tests="1" failures="0" timestamp="14 Jun 2020 15:28:08 GMT" time="17.447" errors="0">
  <testcase name="verifyingProductRelatedCatagories" time="17.447" classname="com.auomationtesting.testCases.Shop_ProductCatagoriesFunctionality_026"/>
</testsuite> <!-- com.auomationtesting.testCases.Shop_ProductCatagoriesFunctionality_026 -->
