<?xml version="1.0" encoding="UTF-8"?>
<!-- Generated by org.testng.reporters.JUnitReportReporter -->
<testsuite skipped="0" hostname="DESKTOP-E4SG70C" name="com.auomationtesting.testCases.MyAccount_Order_ViewingOrderNoOrderDateAndOrderStatus_039" tests="1" failures="0" timestamp="03 Jun 2020 00:17:48 GMT" time="44.062" errors="0">
  <testcase name="verifyingOrderNoOrderDateAndOrderStatus" time="44.062" classname="com.auomationtesting.testCases.MyAccount_Order_ViewingOrderNoOrderDateAndOrderStatus_039"/>
</testsuite> <!-- com.auomationtesting.testCases.MyAccount_Order_ViewingOrderNoOrderDateAndOrderStatus_039 -->
