<?xml version="1.0" encoding="UTF-8"?>
<!-- Generated by org.testng.reporters.JUnitReportReporter -->
<testsuite skipped="0" hostname="DESKTOP-E4SG70C" name="com.auomationtesting.testCases.MyAccount_Dashboard_036" tests="1" failures="0" timestamp="22 May 2020 04:48:41 GMT" time="21.302" errors="0">
  <testcase name="verifyingUserMustViewDashBoardOfSite" time="21.302" classname="com.auomationtesting.testCases.MyAccount_Dashboard_036"/>
</testsuite> <!-- com.auomationtesting.testCases.MyAccount_Dashboard_036 -->
