<?xml version="1.0" encoding="UTF-8"?>
<!-- Generated by org.testng.reporters.JUnitReportReporter -->
<testsuite skipped="0" hostname="DESKTOP-E4SG70C" name="com.auomationtesting.testCases.LoginPasswordShouldBeMasked_022" tests="1" failures="0" timestamp="17 May 2020 01:17:53 GMT" time="19.018" errors="0">
  <testcase name="verifyingPasswordFieldDisplayingInAsterrisks" time="19.018" classname="com.auomationtesting.testCases.LoginPasswordShouldBeMasked_022"/>
</testsuite> <!-- com.auomationtesting.testCases.LoginPasswordShouldBeMasked_022 -->
