<?xml version="1.0" encoding="UTF-8"?>
<!-- Generated by org.testng.reporters.JUnitReportReporter -->
<testsuite skipped="0" hostname="DESKTOP-E4SG70C" name="com.auomationtesting.testCases.ArrivalsAddBasketItems_008" tests="2" failures="0" timestamp="17 May 2020 14:38:05 GMT" time="41.600" errors="0">
  <testcase name="verifyingArrivalsItemNavigatingToBillingPage" time="8.227" classname="com.auomationtesting.testCases.ArrivalsAddBasketItems_008"/>
  <testcase name="verifyingArrivalsItemNavigatingToCheckOutPage" time="33.373" classname="com.auomationtesting.testCases.ArrivalsAddBasketItems_008"/>
</testsuite> <!-- com.auomationtesting.testCases.ArrivalsAddBasketItems_008 -->
