<?xml version="1.0" encoding="UTF-8"?>
<!-- Generated by org.testng.reporters.JUnitReportReporter -->
<testsuite skipped="0" hostname="DESKTOP-E4SG70C" name="com.auomationtesting.testCases.ItemCheckOutFunctionality_015" tests="1" failures="0" timestamp="17 May 2020 01:17:53 GMT" time="39.785" errors="0">
  <testcase name="verifyingItemNavigatingToPaymentGatewayPage" time="39.785" classname="com.auomationtesting.testCases.ItemCheckOutFunctionality_015"/>
</testsuite> <!-- com.auomationtesting.testCases.ItemCheckOutFunctionality_015 -->
