<?xml version="1.0" encoding="UTF-8"?>
<!-- Generated by org.testng.reporters.JUnitReportReporter -->
<testsuite skipped="0" hostname="DESKTOP-E4SG70C" name="com.auomationtesting.testCases.Shop_SaleFunctionality2" tests="1" failures="0" timestamp="19 May 2020 06:17:50 GMT" time="106.309" errors="0">
  <testcase name="verifyingActualPriceIwthOldPriceStikenOn" time="106.309" classname="com.auomationtesting.testCases.Shop_SaleFunctionality2"/>
</testsuite> <!-- com.auomationtesting.testCases.Shop_SaleFunctionality2 -->
