<?xml version="1.0" encoding="UTF-8"?>
<!-- Generated by org.testng.reporters.JUnitReportReporter -->
<testsuite skipped="0" hostname="DESKTOP-E4SG70C" name="com.auomationtesting.testCases.Shop_SaleFunctionality_033" tests="1" failures="0" timestamp="22 May 2020 04:48:41 GMT" time="27.871" errors="0">
  <testcase name="verifyingActualPriceOfBookWithOldPrice" time="27.871" classname="com.auomationtesting.testCases.Shop_SaleFunctionality_033"/>
</testsuite> <!-- com.auomationtesting.testCases.Shop_SaleFunctionality_033 -->
