<?xml version="1.0" encoding="UTF-8"?>
<!-- Generated by org.testng.reporters.JUnitReportReporter -->
<testsuite skipped="0" hostname="DESKTOP-E4SG70C" name="com.auomationtesting.testCases.UpdateBasketCheckingAfterAddingMoreBooks_012" tests="4" failures="0" timestamp="17 May 2020 01:17:53 GMT" time="47.073" errors="0">
  <testcase name="verifyingMenuItemWithPriceAfterUpdatingBasket" time="3.321" classname="com.auomationtesting.testCases.UpdateBasketCheckingAfterAddingMoreBooks_012"/>
  <testcase name="verifyingMenuItemWithPriceBeforeUpdating" time="33.802" classname="com.auomationtesting.testCases.UpdateBasketCheckingAfterAddingMoreBooks_012"/>
  <testcase name="verifyingUpdateBasketClickableTest" time="4.832" classname="com.auomationtesting.testCases.UpdateBasketCheckingAfterAddingMoreBooks_012"/>
  <testcase name="verifyingChangesInViewBasketTest" time="5.118" classname="com.auomationtesting.testCases.UpdateBasketCheckingAfterAddingMoreBooks_012"/>
</testsuite> <!-- com.auomationtesting.testCases.UpdateBasketCheckingAfterAddingMoreBooks_012 -->
