<?xml version="1.0" encoding="UTF-8"?>
<!-- Generated by org.testng.reporters.JUnitReportReporter -->
<testsuite skipped="0" hostname="DESKTOP-E4SG70C" name="com.auomationtesting.testCases.ArrivalsImagesDescriptions_004" tests="1" failures="0" timestamp="17 May 2020 01:17:53 GMT" time="27.044" errors="0">
  <testcase name="verifyingProductDescriptionDetails" time="27.044" classname="com.auomationtesting.testCases.ArrivalsImagesDescriptions_004"/>
</testsuite> <!-- com.auomationtesting.testCases.ArrivalsImagesDescriptions_004 -->
