<?xml version="1.0" encoding="UTF-8"?>
<!-- Generated by org.testng.reporters.JUnitReportReporter -->
<testsuite skipped="0" hostname="DESKTOP-E4SG70C" name="com.auomationtesting.testCases.CheckingTotalAndSubtotalPrice_014" tests="2" failures="0" timestamp="17 May 2020 01:17:53 GMT" time="42.449" errors="0">
  <testcase name="verifyingTotalPriceIsAlwaysGreaterThanSubTotalPrice" time="0.158" classname="com.auomationtesting.testCases.CheckingTotalAndSubtotalPrice_014"/>
  <testcase name="verifyingTotalAndSubtotalPrice" time="42.291" classname="com.auomationtesting.testCases.CheckingTotalAndSubtotalPrice_014"/>
</testsuite> <!-- com.auomationtesting.testCases.CheckingTotalAndSubtotalPrice_014 -->
