<?xml version="1.0" encoding="UTF-8"?>
<!-- Generated by org.testng.reporters.JUnitReportReporter -->
<testsuite hostname="DESKTOP-4LJEO71" failures="0" tests="1" name="com.auomationtesting.testCases.HomePageWithThreeArrivalsOnly_002" time="16.453" errors="0" timestamp="2020-11-11T16:19:04 PST" skipped="0">
  <testcase classname="com.auomationtesting.testCases.HomePageWithThreeArrivalsOnly_002" name="verifyingArrivalsTest" time="16.453"/>
  <system-out/>
</testsuite> <!-- com.auomationtesting.testCases.HomePageWithThreeArrivalsOnly_002 -->
