<?xml version="1.0" encoding="UTF-8"?>
<!-- Generated by org.testng.reporters.JUnitReportReporter -->
<testsuite skipped="0" hostname="DESKTOP-E4SG70C" name="com.auomationtesting.testCases.Shop_SortByHighToLowItemFunctionality_031" tests="1" failures="0" timestamp="24 Jun 2020 15:11:13 GMT" time="51.287" errors="0">
  <testcase name="verifyingPopularProductAfterSortingHighToLow" time="51.287" classname="com.auomationtesting.testCases.Shop_SortByHighToLowItemFunctionality_031"/>
</testsuite> <!-- com.auomationtesting.testCases.Shop_SortByHighToLowItemFunctionality_031 -->
