<?xml version="1.0" encoding="UTF-8"?>
<!-- Generated by org.testng.reporters.JUnitReportReporter -->
<testsuite skipped="0" hostname="DESKTOP-E4SG70C" name="com.auomationtesting.testCases.MyAccount_Order_ViewingOrderDetailsBillingDetailsCustomerDetails_038" tests="1" failures="0" timestamp="02 Jun 2020 21:59:58 GMT" time="37.381" errors="0">
  <testcase name="verifyingOrderDetailsBillingDetailsAndCustomerDetails" time="37.381" classname="com.auomationtesting.testCases.MyAccount_Order_ViewingOrderDetailsBillingDetailsCustomerDetails_038"/>
</testsuite> <!-- com.auomationtesting.testCases.MyAccount_Order_ViewingOrderDetailsBillingDetailsCustomerDetails_038 -->
