<?xml version="1.0" encoding="UTF-8"?>
<!-- Generated by org.testng.reporters.JUnitReportReporter -->
<testsuite skipped="0" hostname="DESKTOP-E4SG70C" name="com.auomationtesting.testCases.ApplyingCouponCode_009" tests="2" failures="0" timestamp="17 May 2020 01:17:53 GMT" time="46.916" errors="0">
  <testcase name="verifyingCouponApplingCodeTest" time="8.558" classname="com.auomationtesting.testCases.ApplyingCouponCode_009"/>
  <testcase name="verifyingApplyingCouponCfmMsgTest" time="38.358" classname="com.auomationtesting.testCases.ApplyingCouponCode_009"/>
</testsuite> <!-- com.auomationtesting.testCases.ApplyingCouponCode_009 -->
