<?xml version="1.0" encoding="UTF-8"?>
<!-- Generated by org.testng.reporters.JUnitReportReporter -->
<testsuite skipped="0" hostname="DESKTOP-E4SG70C" name="com.auomationtesting.testCases.LoginWithValidPasswordAndEmptyUserName_020" tests="1" failures="0" timestamp="17 May 2020 01:17:53 GMT" time="22.209" errors="0">
  <testcase name="verifyingProperErrorMsgAfetrEnteringValidPAsswordAndEmptyUserName" time="22.209" classname="com.auomationtesting.testCases.LoginWithValidPasswordAndEmptyUserName_020"/>
</testsuite> <!-- com.auomationtesting.testCases.LoginWithValidPasswordAndEmptyUserName_020 -->
